<?xml version="1.0" encoding="UTF-8"?>
<coverage generated="1761897783447" clover="3.2.0">
  <project timestamp="1761897783447" name="All files">
    <metrics statements="48" coveredstatements="44" conditionals="2" coveredconditionals="1" methods="14" coveredmethods="12" elements="64" coveredelements="57" complexity="0" loc="48" ncloc="48" packages="2" files="3" classes="3"/>
    <package name="node-typescript">
      <metrics statements="28" coveredstatements="26" conditionals="2" coveredconditionals="1" methods="9" coveredmethods="8"/>
      <file name="app.ts" path="/Users/zainshah/ts-practice/node-typescript/app.ts">
        <metrics statements="10" coveredstatements="9" conditionals="0" coveredconditionals="0" methods="2" coveredmethods="1"/>
        <line num="21" count="1" type="stmt"/>
        <line num="23" count="1" type="stmt"/>
        <line num="25" count="1" type="stmt"/>
        <line num="27" count="1" type="stmt"/>
        <line num="29" count="1" type="stmt"/>
        <line num="30" count="1" type="stmt"/>
        <line num="33" count="1" type="stmt"/>
        <line num="35" count="1" type="stmt"/>
        <line num="36" count="0" type="stmt"/>
        <line num="40" count="1" type="stmt"/>
      </file>
      <file name="data.ts" path="/Users/zainshah/ts-practice/node-typescript/data.ts">
        <metrics statements="18" coveredstatements="17" conditionals="2" coveredconditionals="1" methods="7" coveredmethods="7"/>
        <line num="6" count="1" type="stmt"/>
        <line num="8" count="1" type="stmt"/>
        <line num="9" count="4" type="stmt"/>
        <line num="10" count="4" type="stmt"/>
        <line num="11" count="4" type="stmt"/>
        <line num="14" count="1" type="stmt"/>
        <line num="15" count="2" type="stmt"/>
        <line num="16" count="1" type="cond" truecount="1" falsecount="1"/>
        <line num="17" count="0" type="stmt"/>
        <line num="19" count="1" type="stmt"/>
        <line num="22" count="1" type="stmt"/>
        <line num="23" count="2" type="stmt"/>
        <line num="26" count="1" type="stmt"/>
        <line num="27" count="3" type="stmt"/>
        <line num="30" count="1" type="stmt"/>
        <line num="31" count="1" type="stmt"/>
        <line num="32" count="1" type="stmt"/>
        <line num="33" count="1" type="stmt"/>
      </file>
    </package>
    <package name="node-typescript.routes">
      <metrics statements="20" coveredstatements="18" conditionals="0" coveredconditionals="0" methods="5" coveredmethods="4"/>
      <file name="todo.ts" path="/Users/zainshah/ts-practice/node-typescript/routes/todo.ts">
        <metrics statements="20" coveredstatements="18" conditionals="0" coveredconditionals="0" methods="5" coveredmethods="4"/>
        <line num="28" count="1" type="stmt"/>
        <line num="29" count="1" type="stmt"/>
        <line num="31" count="1" type="stmt"/>
        <line num="33" count="1" type="stmt"/>
        <line num="34" count="4" type="stmt"/>
        <line num="35" count="4" type="stmt"/>
        <line num="36" count="4" type="stmt"/>
        <line num="39" count="1" type="stmt"/>
        <line num="40" count="2" type="stmt"/>
        <line num="41" count="2" type="stmt"/>
        <line num="44" count="1" type="stmt"/>
        <line num="45" count="0" type="stmt"/>
        <line num="46" count="0" type="stmt"/>
        <line num="49" count="1" type="stmt"/>
        <line num="50" count="1" type="stmt"/>
        <line num="51" count="1" type="stmt"/>
        <line num="54" count="1" type="stmt"/>
        <line num="55" count="1" type="stmt"/>
        <line num="56" count="1" type="stmt"/>
        <line num="59" count="1" type="stmt"/>
      </file>
    </package>
  </project>
</coverage>
