{"/Users/zainshah/ts-practice/node-typescript/app.ts": {"path":"/Users/zainshah/ts-practice/node-typescript/app.ts","statementMap":{"0":{"start":{"line":21,"column":0},"end":{"line":21,"column":67}},"1":{"start":{"line":23,"column":0},"end":{"line":23,"column":38}},"2":{"start":{"line":25,"column":12},"end":{"line":25,"column":21}},"3":{"start":{"line":27,"column":0},"end":{"line":27,"column":24}},"4":{"start":{"line":29,"column":0},"end":{"line":31,"column":3}},"5":{"start":{"line":30,"column":2},"end":{"line":30,"column":44}},"6":{"start":{"line":33,"column":0},"end":{"line":33,"column":20}},"7":{"start":{"line":35,"column":0},"end":{"line":37,"column":3}},"8":{"start":{"line":36,"column":4},"end":{"line":36,"column":60}},"9":{"start":{"line":40,"column":0},"end":{"line":40,"column":19}}},"fnMap":{"0":{"name":"(anonymous_1)","decl":{"start":{"line":29,"column":19},"end":{"line":29,"column":20}},"loc":{"start":{"line":29,"column":51},"end":{"line":31,"column":1}}},"1":{"name":"(anonymous_2)","decl":{"start":{"line":35,"column":8},"end":{"line":35,"column":9}},"loc":{"start":{"line":35,"column":73},"end":{"line":37,"column":1}}}},"branchMap":{},"s":{"0":1,"1":1,"2":1,"3":1,"4":1,"5":1,"6":1,"7":1,"8":0,"9":1},"f":{"0":1,"1":0},"b":{}}
,"/Users/zainshah/ts-practice/node-typescript/data.ts": {"path":"/Users/zainshah/ts-practice/node-typescript/data.ts","statementMap":{"0":{"start":{"line":8,"column":0},"end":{"line":8,"column":16}},"1":{"start":{"line":14,"column":0},"end":{"line":14,"column":16}},"2":{"start":{"line":22,"column":0},"end":{"line":22,"column":16}},"3":{"start":{"line":26,"column":0},"end":{"line":26,"column":16}},"4":{"start":{"line":30,"column":0},"end":{"line":30,"column":16}},"5":{"start":{"line":6,"column":20},"end":{"line":6,"column":22}},"6":{"start":{"line":9,"column":20},"end":{"line":9,"column":47}},"7":{"start":{"line":10,"column":4},"end":{"line":10,"column":24}},"8":{"start":{"line":11,"column":4},"end":{"line":11,"column":19}},"9":{"start":{"line":15,"column":17},"end":{"line":15,"column":45}},"10":{"start":{"line":15,"column":33},"end":{"line":15,"column":44}},"11":{"start":{"line":16,"column":4},"end":{"line":18,"column":5}},"12":{"start":{"line":17,"column":8},"end":{"line":17,"column":43}},"13":{"start":{"line":19,"column":4},"end":{"line":19,"column":16}},"14":{"start":{"line":23,"column":4},"end":{"line":23,"column":17}},"15":{"start":{"line":27,"column":4},"end":{"line":27,"column":43}},"16":{"start":{"line":27,"column":30},"end":{"line":27,"column":41}},"17":{"start":{"line":31,"column":17},"end":{"line":31,"column":28}},"18":{"start":{"line":32,"column":4},"end":{"line":32,"column":21}},"19":{"start":{"line":33,"column":4},"end":{"line":33,"column":16}}},"fnMap":{"0":{"name":"addTodo","decl":{"start":{"line":8,"column":16},"end":{"line":8,"column":23}},"loc":{"start":{"line":8,"column":36},"end":{"line":12,"column":1}}},"1":{"name":"getTodo","decl":{"start":{"line":14,"column":16},"end":{"line":14,"column":23}},"loc":{"start":{"line":14,"column":33},"end":{"line":20,"column":1}}},"2":{"name":"(anonymous_2)","decl":{"start":{"line":15,"column":28},"end":{"line":15,"column":29}},"loc":{"start":{"line":15,"column":33},"end":{"line":15,"column":44}}},"3":{"name":"getTodos","decl":{"start":{"line":22,"column":16},"end":{"line":22,"column":24}},"loc":{"start":{"line":22,"column":24},"end":{"line":24,"column":1}}},"4":{"name":"removeTodo","decl":{"start":{"line":26,"column":16},"end":{"line":26,"column":26}},"loc":{"start":{"line":26,"column":37},"end":{"line":28,"column":1}}},"5":{"name":"(anonymous_5)","decl":{"start":{"line":27,"column":25},"end":{"line":27,"column":26}},"loc":{"start":{"line":27,"column":30},"end":{"line":27,"column":41}}},"6":{"name":"updateTodo","decl":{"start":{"line":30,"column":16},"end":{"line":30,"column":26}},"loc":{"start":{"line":30,"column":51},"end":{"line":34,"column":1}}}},"branchMap":{"0":{"loc":{"start":{"line":16,"column":4},"end":{"line":18,"column":5}},"type":"if","locations":[{"start":{"line":16,"column":4},"end":{"line":18,"column":5}},{"start":{},"end":{}}]}},"s":{"0":1,"1":1,"2":1,"3":1,"4":1,"5":1,"6":4,"7":4,"8":4,"9":1,"10":2,"11":1,"12":0,"13":1,"14":2,"15":1,"16":3,"17":1,"18":1,"19":1},"f":{"0":4,"1":1,"2":2,"3":2,"4":1,"5":3,"6":1},"b":{"0":[0,1]}}
,"/Users/zainshah/ts-practice/node-typescript/routes/todo.ts": {"path":"/Users/zainshah/ts-practice/node-typescript/routes/todo.ts","statementMap":{"0":{"start":{"line":28,"column":0},"end":{"line":28,"column":30}},"1":{"start":{"line":29,"column":0},"end":{"line":29,"column":77}},"2":{"start":{"line":31,"column":15},"end":{"line":31,"column":31}},"3":{"start":{"line":33,"column":0},"end":{"line":37,"column":3}},"4":{"start":{"line":34,"column":21},"end":{"line":34,"column":34}},"5":{"start":{"line":35,"column":26},"end":{"line":35,"column":39}},"6":{"start":{"line":36,"column":8},"end":{"line":36,"column":61}},"7":{"start":{"line":39,"column":0},"end":{"line":42,"column":3}},"8":{"start":{"line":40,"column":18},"end":{"line":40,"column":28}},"9":{"start":{"line":41,"column":4},"end":{"line":41,"column":24}},"10":{"start":{"line":44,"column":0},"end":{"line":47,"column":3}},"11":{"start":{"line":45,"column":17},"end":{"line":45,"column":40}},"12":{"start":{"line":46,"column":4},"end":{"line":46,"column":null}},"13":{"start":{"line":49,"column":0},"end":{"line":52,"column":3}},"14":{"start":{"line":50,"column":24},"end":{"line":50,"column":65}},"15":{"start":{"line":51,"column":4},"end":{"line":51,"column":61}},"16":{"start":{"line":54,"column":0},"end":{"line":57,"column":null}},"17":{"start":{"line":55,"column":4},"end":{"line":55,"column":31}},"18":{"start":{"line":56,"column":4},"end":{"line":56,"column":43}},"19":{"start":{"line":59,"column":0},"end":{"line":59,"column":22}}},"fnMap":{"0":{"name":"(anonymous_1)","decl":{"start":{"line":33,"column":22},"end":{"line":33,"column":23}},"loc":{"start":{"line":33,"column":35},"end":{"line":37,"column":1}}},"1":{"name":"(anonymous_2)","decl":{"start":{"line":39,"column":21},"end":{"line":39,"column":22}},"loc":{"start":{"line":39,"column":34},"end":{"line":42,"column":1}}},"2":{"name":"(anonymous_3)","decl":{"start":{"line":44,"column":25},"end":{"line":44,"column":26}},"loc":{"start":{"line":44,"column":38},"end":{"line":47,"column":1}}},"3":{"name":"(anonymous_4)","decl":{"start":{"line":49,"column":27},"end":{"line":49,"column":28}},"loc":{"start":{"line":49,"column":40},"end":{"line":52,"column":1}}},"4":{"name":"(anonymous_5)","decl":{"start":{"line":54,"column":28},"end":{"line":54,"column":29}},"loc":{"start":{"line":54,"column":41},"end":{"line":57,"column":1}}}},"branchMap":{},"s":{"0":1,"1":1,"2":1,"3":1,"4":4,"5":4,"6":4,"7":1,"8":2,"9":2,"10":1,"11":0,"12":0,"13":1,"14":1,"15":1,"16":1,"17":1,"18":1,"19":1},"f":{"0":4,"1":2,"2":0,"3":1,"4":1},"b":{}}
}
