TN:
SF:app.ts
FN:29,(anonymous_1)
FN:35,(anonymous_2)
FNF:2
FNH:1
FNDA:1,(anonymous_1)
FNDA:0,(anonymous_2)
DA:21,1
DA:23,1
DA:25,1
DA:27,1
DA:29,1
DA:30,1
DA:33,1
DA:35,1
DA:36,0
DA:40,1
LF:10
LH:9
BRF:0
BRH:0
end_of_record
TN:
SF:data.ts
FN:8,addTodo
FN:14,getTodo
FN:15,(anonymous_2)
FN:22,getTodos
FN:26,removeTodo
FN:27,(anonymous_5)
FN:30,updateTodo
FNF:7
FNH:7
FNDA:4,addTodo
FNDA:1,getTodo
FNDA:2,(anonymous_2)
FNDA:2,getTodos
FNDA:1,removeTodo
FNDA:3,(anonymous_5)
FNDA:1,updateTodo
DA:6,1
DA:8,1
DA:9,4
DA:10,4
DA:11,4
DA:14,1
DA:15,2
DA:16,1
DA:17,0
DA:19,1
DA:22,1
DA:23,2
DA:26,1
DA:27,3
DA:30,1
DA:31,1
DA:32,1
DA:33,1
LF:18
LH:17
BRDA:16,0,0,0
BRDA:16,0,1,1
BRF:2
BRH:1
end_of_record
TN:
SF:routes/todo.ts
FN:33,(anonymous_1)
FN:39,(anonymous_2)
FN:44,(anonymous_3)
FN:49,(anonymous_4)
FN:54,(anonymous_5)
FNF:5
FNH:4
FNDA:4,(anonymous_1)
FNDA:2,(anonymous_2)
FNDA:0,(anonymous_3)
FNDA:1,(anonymous_4)
FNDA:1,(anonymous_5)
DA:28,1
DA:29,1
DA:31,1
DA:33,1
DA:34,4
DA:35,4
DA:36,4
DA:39,1
DA:40,2
DA:41,2
DA:44,1
DA:45,0
DA:46,0
DA:49,1
DA:50,1
DA:51,1
DA:54,1
DA:55,1
DA:56,1
DA:59,1
LF:20
LH:18
BRF:0
BRH:0
end_of_record
